Determining if the pthread_create exist failed with the following output:
Change Dir: /home/kevin/catkin_ws/src/attitude_controller/model/CMakeFiles/CMakeTmp

Run Build Command:"/usr/bin/make" "cmTC_2fce2/fast"
make[1]: Entering directory '/home/kevin/catkin_ws/src/attitude_controller/model/CMakeFiles/CMakeTmp'
/usr/bin/make -f CMakeFiles/cmTC_2fce2.dir/build.make CMakeFiles/cmTC_2fce2.dir/build
make[2]: Entering directory '/home/kevin/catkin_ws/src/attitude_controller/model/CMakeFiles/CMakeTmp'
Building C object CMakeFiles/cmTC_2fce2.dir/CheckSymbolExists.c.o
/usr/bin/cc    -o CMakeFiles/cmTC_2fce2.dir/CheckSymbolExists.c.o   -c /home/kevin/catkin_ws/src/attitude_controller/model/CMakeFiles/CMakeTmp/CheckSymbolExists.c
Linking C executable cmTC_2fce2
/usr/bin/cmake -E cmake_link_script CMakeFiles/cmTC_2fce2.dir/link.txt --verbose=1
/usr/bin/cc      -rdynamic CMakeFiles/cmTC_2fce2.dir/CheckSymbolExists.c.o  -o cmTC_2fce2 
CMakeFiles/cmTC_2fce2.dir/CheckSymbolExists.c.o: In function `main':
CheckSymbolExists.c:(.text+0x1b): undefined reference to `pthread_create'
collect2: error: ld returned 1 exit status
CMakeFiles/cmTC_2fce2.dir/build.make:97: recipe for target 'cmTC_2fce2' failed
make[2]: *** [cmTC_2fce2] Error 1
make[2]: Leaving directory '/home/kevin/catkin_ws/src/attitude_controller/model/CMakeFiles/CMakeTmp'
Makefile:126: recipe for target 'cmTC_2fce2/fast' failed
make[1]: *** [cmTC_2fce2/fast] Error 2
make[1]: Leaving directory '/home/kevin/catkin_ws/src/attitude_controller/model/CMakeFiles/CMakeTmp'

File /home/kevin/catkin_ws/src/attitude_controller/model/CMakeFiles/CMakeTmp/CheckSymbolExists.c:
/* */
#include <pthread.h>

int main(int argc, char** argv)
{
  (void)argv;
#ifndef pthread_create
  return ((int*)(&pthread_create))[argc];
#else
  (void)argc;
  return 0;
#endif
}

Determining if the function pthread_create exists in the pthreads failed with the following output:
Change Dir: /home/kevin/catkin_ws/src/attitude_controller/model/CMakeFiles/CMakeTmp

Run Build Command:"/usr/bin/make" "cmTC_974e6/fast"
make[1]: Entering directory '/home/kevin/catkin_ws/src/attitude_controller/model/CMakeFiles/CMakeTmp'
/usr/bin/make -f CMakeFiles/cmTC_974e6.dir/build.make CMakeFiles/cmTC_974e6.dir/build
make[2]: Entering directory '/home/kevin/catkin_ws/src/attitude_controller/model/CMakeFiles/CMakeTmp'
Building C object CMakeFiles/cmTC_974e6.dir/CheckFunctionExists.c.o
/usr/bin/cc   -DCHECK_FUNCTION_EXISTS=pthread_create   -o CMakeFiles/cmTC_974e6.dir/CheckFunctionExists.c.o   -c /usr/share/cmake-3.10/Modules/CheckFunctionExists.c
Linking C executable cmTC_974e6
/usr/bin/cmake -E cmake_link_script CMakeFiles/cmTC_974e6.dir/link.txt --verbose=1
/usr/bin/cc  -DCHECK_FUNCTION_EXISTS=pthread_create    -rdynamic CMakeFiles/cmTC_974e6.dir/CheckFunctionExists.c.o  -o cmTC_974e6 -lpthreads 
/usr/bin/ld: cannot find -lpthreads
collect2: error: ld returned 1 exit status
CMakeFiles/cmTC_974e6.dir/build.make:97: recipe for target 'cmTC_974e6' failed
make[2]: *** [cmTC_974e6] Error 1
make[2]: Leaving directory '/home/kevin/catkin_ws/src/attitude_controller/model/CMakeFiles/CMakeTmp'
Makefile:126: recipe for target 'cmTC_974e6/fast' failed
make[1]: *** [cmTC_974e6/fast] Error 2
make[1]: Leaving directory '/home/kevin/catkin_ws/src/attitude_controller/model/CMakeFiles/CMakeTmp'


